  vorbisfile.c
d:\directx_repo\data\ogglib\libvorbis-1.3.5\lib\vorbisfile.c(259): warning C4244: 'function': conversion from 'ogg_int64_t' to 'long', possible loss of data
d:\directx_repo\data\ogglib\libvorbis-1.3.5\lib\vorbisfile.c(273): warning C4244: '=': conversion from 'ogg_int64_t' to 'int', possible loss of data
d:\directx_repo\data\ogglib\libvorbis-1.3.5\lib\vorbisfile.c(545): warning C4244: 'return': conversion from 'ogg_int64_t' to 'int', possible loss of data
d:\directx_repo\data\ogglib\libvorbis-1.3.5\lib\vorbisfile.c(566): warning C4244: 'return': conversion from 'ogg_int64_t' to 'int', possible loss of data
d:\directx_repo\data\ogglib\libvorbis-1.3.5\lib\vorbisfile.c(569): warning C4244: 'return': conversion from 'ogg_int64_t' to 'int', possible loss of data
d:\directx_repo\data\ogglib\libvorbis-1.3.5\lib\vorbisfile.c(579): warning C4244: 'return': conversion from 'ogg_int64_t' to 'int', possible loss of data
d:\directx_repo\data\ogglib\libvorbis-1.3.5\lib\vorbisfile.c(641): warning C4244: 'return': conversion from 'ogg_int64_t' to 'int', possible loss of data
d:\directx_repo\data\ogglib\libvorbis-1.3.5\lib\vorbisfile.c(874): warning C4244: 'function': conversion from 'ogg_int64_t' to 'long', possible loss of data
d:\directx_repo\data\ogglib\libvorbis-1.3.5\lib\vorbisfile.c(1012): warning C4996: 'fopen': This function or variable may be unsafe. Consider using fopen_s instead. To disable deprecation, use _CRT_SECURE_NO_WARNINGS. See online help for details.
  c:\program files (x86)\windows kits\10\include\10.0.10240.0\ucrt\stdio.h(205): note: see declaration of 'fopen'
d:\directx_repo\data\ogglib\libvorbis-1.3.5\lib\vorbisfile.c(1118): warning C4244: '=': conversion from 'double' to 'float', possible loss of data
d:\directx_repo\data\ogglib\libvorbis-1.3.5\lib\vorbisfile.c(1119): warning C4244: 'return': conversion from 'double' to 'long', possible loss of data
d:\directx_repo\data\ogglib\libvorbis-1.3.5\lib\vorbisfile.c(1123): warning C4244: 'return': conversion from 'double' to 'long', possible loss of data
d:\directx_repo\data\ogglib\libvorbis-1.3.5\lib\vorbisfile.c(1151): warning C4244: '=': conversion from 'double' to 'long', possible loss of data
d:\directx_repo\data\ogglib\libvorbis-1.3.5\lib\vorbisfile.c(1764): warning C4244: '=': conversion from 'ogg_int64_t' to 'long', possible loss of data
d:\directx_repo\data\ogglib\libvorbis-1.3.5\lib\vorbisfile.c(1801): warning C4244: 'initializing': conversion from 'double' to 'ogg_int64_t', possible loss of data
d:\directx_repo\data\ogglib\libvorbis-1.3.5\lib\vorbisfile.c(1831): warning C4244: 'initializing': conversion from 'double' to 'ogg_int64_t', possible loss of data
d:\directx_repo\data\ogglib\libvorbis-1.3.5\lib\vorbisfile.c(2167): warning C4244: 'initializing': conversion from 'double' to 'float', possible loss of data
C:\Program Files (x86)\MSBuild\Microsoft.Cpp\v4.0\V140\Microsoft.CppBuild.targets(1357,5): warning MSB8012: TargetPath(D:\DirectX_Repo\data\OggLib\libvorbis-1.3.5\win32\VS2010\Win32\Debug\libvorbisfile.lib) does not match the Library's OutputFile property value (D:\DirectX_Repo\data\OggLib\libvorbis-1.3.5\win32\VS2010\Win32\Debug\libvorbisfile_static.lib). This may cause your project to build incorrectly. To correct this, please make sure that $(OutDir), $(TargetName) and $(TargetExt) property values match the value specified in %(Lib.OutputFile).
C:\Program Files (x86)\MSBuild\Microsoft.Cpp\v4.0\V140\Microsoft.CppBuild.targets(1359,5): warning MSB8012: TargetName(libvorbisfile) does not match the Library's OutputFile property value (libvorbisfile_static). This may cause your project to build incorrectly. To correct this, please make sure that $(OutDir), $(TargetName) and $(TargetExt) property values match the value specified in %(Lib.OutputFile).
  libvorbisfile_static.vcxproj -> D:\DirectX_Repo\data\OggLib\libvorbis-1.3.5\win32\VS2010\Win32\Debug\libvorbisfile.lib
