  Window.cpp
  TrainingBot.cpp
  TitleUI.cpp
  Title.cpp
j:\directx_repo\direectx_00\input.h(11): warning C4005: 'DIRECTINPUT_VERSION': マクロが再定義されました。
  j:\directx_repo\direectx_00\window.h(16): note: 'DIRECTINPUT_VERSION' の以前の定義を確認してください
  Sprite.cpp
  Sort.cpp
  Sky.cpp
  Score.cpp
  RenderMgr.cpp
  Player.cpp
j:\directx_repo\direectx_00\input.h(11): warning C4005: 'DIRECTINPUT_VERSION': マクロが再定義されました。
  j:\directx_repo\direectx_00\window.h(16): note: 'DIRECTINPUT_VERSION' の以前の定義を確認してください
  Particle.cpp
  ObjManager.cpp
  MyHierarchy.cpp
  MeshRender.cpp
  Main.cpp
j:\directx_repo\direectx_00\input.h(11): warning C4005: 'DIRECTINPUT_VERSION': マクロが再定義されました。
  j:\directx_repo\direectx_00\window.h(16): note: 'DIRECTINPUT_VERSION' の以前の定義を確認してください
  Input.cpp
  Goal.cpp
  GameWnd.cpp
j:\directx_repo\direectx_00\input.h(11): warning C4005: 'DIRECTINPUT_VERSION': マクロが再定義されました。
  j:\directx_repo\direectx_00\window.h(16): note: 'DIRECTINPUT_VERSION' の以前の定義を確認してください
  GameMain.cpp
  FPS.cpp
  コードを生成中...
  コンパイル中...
  FileMgr.cpp
  Field.cpp
  Fade.cpp
  EnemyMgr.cpp
  End.cpp
j:\directx_repo\direectx_00\input.h(11): warning C4005: 'DIRECTINPUT_VERSION': マクロが再定義されました。
  j:\directx_repo\direectx_00\window.h(16): note: 'DIRECTINPUT_VERSION' の以前の定義を確認してください
  Debug.cpp
  Camera.cpp
j:\directx_repo\direectx_00\input.h(11): warning C4005: 'DIRECTINPUT_VERSION': マクロが再定義されました。
  j:\directx_repo\direectx_00\window.h(16): note: 'DIRECTINPUT_VERSION' の以前の定義を確認してください
  Billbord.cpp
  Ballet.cpp
  コードを生成中...
  DireectX_00.vcxproj -> J:\DirectX_Repo\Debug\DireectX_00.exe
  DireectX_00.vcxproj -> J:\DirectX_Repo\Debug\DireectX_00.pdb (Full PDB)
