  window.c
  vorbisenc.c
d:\directx_repo\data\ogglib\libvorbis-1.3.5\lib\modes\psych_44.h(27): warning C4244: 'initializing': conversion from 'double' to 'int', possible loss of data
d:\directx_repo\data\ogglib\libvorbis-1.3.5\lib\modes\psych_44.h(33): warning C4244: 'initializing': conversion from 'double' to 'int', possible loss of data
d:\directx_repo\data\ogglib\libvorbis-1.3.5\lib\modes\psych_44.h(39): warning C4244: 'initializing': conversion from 'double' to 'int', possible loss of data
d:\directx_repo\data\ogglib\libvorbis-1.3.5\lib\modes\psych_44.h(45): warning C4244: 'initializing': conversion from 'double' to 'int', possible loss of data
d:\directx_repo\data\ogglib\libvorbis-1.3.5\lib\modes\psych_44.h(51): warning C4244: 'initializing': conversion from 'double' to 'int', possible loss of data
d:\directx_repo\data\ogglib\libvorbis-1.3.5\lib\vorbisenc.c(248): warning C4244: '=': conversion from 'double' to 'float', possible loss of data
d:\directx_repo\data\ogglib\libvorbis-1.3.5\lib\vorbisenc.c(249): warning C4244: '=': conversion from 'double' to 'float', possible loss of data
d:\directx_repo\data\ogglib\libvorbis-1.3.5\lib\vorbisenc.c(251): warning C4244: '=': conversion from 'double' to 'float', possible loss of data
d:\directx_repo\data\ogglib\libvorbis-1.3.5\lib\vorbisenc.c(231): warning C4244: 'initializing': conversion from 'double' to 'int', possible loss of data
d:\directx_repo\data\ogglib\libvorbis-1.3.5\lib\vorbisenc.c(272): warning C4244: '=': conversion from 'double' to 'int', possible loss of data
d:\directx_repo\data\ogglib\libvorbis-1.3.5\lib\vorbisenc.c(273): warning C4244: '=': conversion from 'double' to 'int', possible loss of data
d:\directx_repo\data\ogglib\libvorbis-1.3.5\lib\vorbisenc.c(274): warning C4244: '=': conversion from 'float' to 'int', possible loss of data
d:\directx_repo\data\ogglib\libvorbis-1.3.5\lib\vorbisenc.c(276): warning C4244: '=': conversion from 'double' to 'float', possible loss of data
d:\directx_repo\data\ogglib\libvorbis-1.3.5\lib\vorbisenc.c(277): warning C4244: '=': conversion from 'double' to 'int', possible loss of data
d:\directx_repo\data\ogglib\libvorbis-1.3.5\lib\vorbisenc.c(278): warning C4244: '=': conversion from 'double' to 'int', possible loss of data
d:\directx_repo\data\ogglib\libvorbis-1.3.5\lib\vorbisenc.c(284): warning C4244: '=': conversion from 'double' to 'int', possible loss of data
d:\directx_repo\data\ogglib\libvorbis-1.3.5\lib\vorbisenc.c(285): warning C4244: '=': conversion from 'double' to 'int', possible loss of data
d:\directx_repo\data\ogglib\libvorbis-1.3.5\lib\vorbisenc.c(286): warning C4244: '=': conversion from 'float' to 'int', possible loss of data
d:\directx_repo\data\ogglib\libvorbis-1.3.5\lib\vorbisenc.c(289): warning C4244: '=': conversion from 'double' to 'float', possible loss of data
d:\directx_repo\data\ogglib\libvorbis-1.3.5\lib\vorbisenc.c(291): warning C4244: '=': conversion from 'double' to 'int', possible loss of data
d:\directx_repo\data\ogglib\libvorbis-1.3.5\lib\vorbisenc.c(292): warning C4244: '=': conversion from 'double' to 'int', possible loss of data
d:\directx_repo\data\ogglib\libvorbis-1.3.5\lib\vorbisenc.c(258): warning C4244: 'initializing': conversion from 'const double' to 'float', possible loss of data
d:\directx_repo\data\ogglib\libvorbis-1.3.5\lib\vorbisenc.c(259): warning C4244: 'initializing': conversion from 'float' to 'int', possible loss of data
d:\directx_repo\data\ogglib\libvorbis-1.3.5\lib\vorbisenc.c(271): warning C4244: 'initializing': conversion from 'double' to 'float', possible loss of data
d:\directx_repo\data\ogglib\libvorbis-1.3.5\lib\vorbisenc.c(282): warning C4244: 'initializing': conversion from 'double' to 'float', possible loss of data
d:\directx_repo\data\ogglib\libvorbis-1.3.5\lib\vorbisenc.c(312): warning C4244: 'initializing': conversion from 'double' to 'int', possible loss of data
d:\directx_repo\data\ogglib\libvorbis-1.3.5\lib\vorbisenc.c(345): warning C4244: '=': conversion from 'double' to 'float', possible loss of data
d:\directx_repo\data\ogglib\libvorbis-1.3.5\lib\vorbisenc.c(346): warning C4244: '=': conversion from 'double' to 'float', possible loss of data
d:\directx_repo\data\ogglib\libvorbis-1.3.5\lib\vorbisenc.c(347): warning C4244: '=': conversion from 'double' to 'float', possible loss of data
d:\directx_repo\data\ogglib\libvorbis-1.3.5\lib\vorbisenc.c(348): warning C4244: '=': conversion from 'double' to 'float', possible loss of data
d:\directx_repo\data\ogglib\libvorbis-1.3.5\lib\vorbisenc.c(349): warning C4244: '=': conversion from 'double' to 'float', possible loss of data
d:\directx_repo\data\ogglib\libvorbis-1.3.5\lib\vorbisenc.c(351): warning C4244: '=': conversion from 'double' to 'float', possible loss of data
d:\directx_repo\data\ogglib\libvorbis-1.3.5\lib\vorbisenc.c(354): warning C4244: '=': conversion from 'double' to 'float', possible loss of data
d:\directx_repo\data\ogglib\libvorbis-1.3.5\lib\vorbisenc.c(338): warning C4244: 'initializing': conversion from 'double' to 'int', possible loss of data
d:\directx_repo\data\ogglib\libvorbis-1.3.5\lib\vorbisenc.c(377): warning C4244: '=': conversion from 'double' to 'float', possible loss of data
d:\directx_repo\data\ogglib\libvorbis-1.3.5\lib\vorbisenc.c(362): warning C4244: 'initializing': conversion from 'double' to 'int', possible loss of data
d:\directx_repo\data\ogglib\libvorbis-1.3.5\lib\vorbisenc.c(388): warning C4244: '=': conversion from 'double' to 'float', possible loss of data
d:\directx_repo\data\ogglib\libvorbis-1.3.5\lib\vorbisenc.c(383): warning C4244: 'initializing': conversion from 'double' to 'int', possible loss of data
d:\directx_repo\data\ogglib\libvorbis-1.3.5\lib\vorbisenc.c(403): warning C4244: '=': conversion from 'double' to 'float', possible loss of data
d:\directx_repo\data\ogglib\libvorbis-1.3.5\lib\vorbisenc.c(410): warning C4244: '=': conversion from 'double' to 'float', possible loss of data
d:\directx_repo\data\ogglib\libvorbis-1.3.5\lib\vorbisenc.c(417): warning C4244: '+=': conversion from 'double' to 'float', possible loss of data
d:\directx_repo\data\ogglib\libvorbis-1.3.5\lib\vorbisenc.c(398): warning C4244: 'initializing': conversion from 'double' to 'int', possible loss of data
d:\directx_repo\data\ogglib\libvorbis-1.3.5\lib\vorbisenc.c(429): warning C4244: '=': conversion from 'double' to 'float', possible loss of data
d:\directx_repo\data\ogglib\libvorbis-1.3.5\lib\vorbisenc.c(430): warning C4244: '=': conversion from 'double' to 'float', possible loss of data
d:\directx_repo\data\ogglib\libvorbis-1.3.5\lib\vorbisenc.c(447): warning C4244: 'initializing': conversion from 'double' to 'int', possible loss of data
d:\directx_repo\data\ogglib\libvorbis-1.3.5\lib\vorbisenc.c(529): warning C4244: '=': conversion from 'double' to 'int', possible loss of data
d:\directx_repo\data\ogglib\libvorbis-1.3.5\lib\vorbisenc.c(593): warning C4244: 'initializing': conversion from 'double' to 'int', possible loss of data
d:\directx_repo\data\ogglib\libvorbis-1.3.5\lib\vorbisenc.c(622): warning C4244: 'initializing': conversion from 'double' to 'int', possible loss of data
d:\directx_repo\data\ogglib\libvorbis-1.3.5\lib\vorbisenc.c(659): warning C4244: 'initializing': conversion from 'const double' to 'float', possible loss of data
d:\directx_repo\data\ogglib\libvorbis-1.3.5\lib\vorbisenc.c(660): warning C4244: 'initializing': conversion from 'const double' to 'float', possible loss of data
d:\directx_repo\data\ogglib\libvorbis-1.3.5\lib\vorbisenc.c(661): warning C4244: 'initializing': conversion from 'double' to 'float', possible loss of data
d:\directx_repo\data\ogglib\libvorbis-1.3.5\lib\vorbisenc.c(717): warning C4244: 'function': conversion from 'double' to 'int', possible loss of data
d:\directx_repo\data\ogglib\libvorbis-1.3.5\lib\vorbisenc.c(834): warning C4244: '=': conversion from 'double' to 'long', possible loss of data
d:\directx_repo\data\ogglib\libvorbis-1.3.5\lib\vorbisenc.c(840): warning C4244: '=': conversion from 'double' to 'long', possible loss of data
d:\directx_repo\data\ogglib\libvorbis-1.3.5\lib\vorbisenc.c(842): warning C4244: '=': conversion from 'double' to 'long', possible loss of data
d:\directx_repo\data\ogglib\libvorbis-1.3.5\lib\vorbisenc.c(877): warning C4244: '=': conversion from 'double' to 'int', possible loss of data
d:\directx_repo\data\ogglib\libvorbis-1.3.5\lib\vorbisenc.c(913): warning C4305: '+=': truncation from 'double' to 'float'
d:\directx_repo\data\ogglib\libvorbis-1.3.5\lib\vorbisenc.c(914): warning C4305: '=': truncation from 'double' to 'float'
d:\directx_repo\data\ogglib\libvorbis-1.3.5\lib\vorbisenc.c(967): warning C4244: '=': conversion from 'double' to 'long', possible loss of data
d:\directx_repo\data\ogglib\libvorbis-1.3.5\lib\vorbisenc.c(969): warning C4244: '=': conversion from 'double' to 'long', possible loss of data
d:\directx_repo\data\ogglib\libvorbis-1.3.5\lib\vorbisenc.c(979): warning C4244: '=': conversion from 'long' to 'float', possible loss of data
d:\directx_repo\data\ogglib\libvorbis-1.3.5\lib\vorbisenc.c(990): warning C4244: '=': conversion from 'double' to 'long', possible loss of data
d:\directx_repo\data\ogglib\libvorbis-1.3.5\lib\vorbisenc.c(1074): warning C4244: '=': conversion from 'double' to 'long', possible loss of data
d:\directx_repo\data\ogglib\libvorbis-1.3.5\lib\vorbisenc.c(1090): warning C4244: '=': conversion from 'double' to 'long', possible loss of data
d:\directx_repo\data\ogglib\libvorbis-1.3.5\lib\vorbisenc.c(1093): warning C4244: '=': conversion from 'double' to 'long', possible loss of data
  synthesis.c
  smallft.c
d:\directx_repo\data\ogglib\libvorbis-1.3.5\lib\smallft.c(99): warning C4244: '=': conversion from 'double' to 'float', possible loss of data
d:\directx_repo\data\ogglib\libvorbis-1.3.5\lib\smallft.c(100): warning C4244: '=': conversion from 'double' to 'float', possible loss of data
d:\directx_repo\data\ogglib\libvorbis-1.3.5\lib\smallft.c(283): warning C4244: '=': conversion from 'double' to 'float', possible loss of data
d:\directx_repo\data\ogglib\libvorbis-1.3.5\lib\smallft.c(284): warning C4244: '=': conversion from 'double' to 'float', possible loss of data
d:\directx_repo\data\ogglib\libvorbis-1.3.5\lib\smallft.c(853): warning C4244: '=': conversion from 'double' to 'float', possible loss of data
d:\directx_repo\data\ogglib\libvorbis-1.3.5\lib\smallft.c(854): warning C4244: '=': conversion from 'double' to 'float', possible loss of data
  sharedbook.c
d:\directx_repo\data\ogglib\libvorbis-1.3.5\lib\sharedbook.c(53): warning C4244: '=': conversion from 'double' to 'long', possible loss of data
d:\directx_repo\data\ogglib\libvorbis-1.3.5\lib\sharedbook.c(54): warning C4244: '=': conversion from 'double' to 'long', possible loss of data
d:\directx_repo\data\ogglib\libvorbis-1.3.5\lib\sharedbook.c(65): warning C4244: 'return': conversion from 'double' to 'float', possible loss of data
d:\directx_repo\data\ogglib\libvorbis-1.3.5\lib\sharedbook.c(161): warning C4244: 'initializing': conversion from 'double' to 'long', possible loss of data
d:\directx_repo\data\ogglib\libvorbis-1.3.5\lib\sharedbook.c(220): warning C4244: '=': conversion from 'double' to 'float', possible loss of data
d:\directx_repo\data\ogglib\libvorbis-1.3.5\lib\sharedbook.c(240): warning C4244: '=': conversion from 'double' to 'float', possible loss of data
d:\directx_repo\data\ogglib\libvorbis-1.3.5\lib\sharedbook.c(219): warning C4244: 'initializing': conversion from 'long' to 'float', possible loss of data
d:\directx_repo\data\ogglib\libvorbis-1.3.5\lib\sharedbook.c(239): warning C4244: 'initializing': conversion from 'long' to 'float', possible loss of data
  res0.c
d:\directx_repo\data\ogglib\libvorbis-1.3.5\lib\res0.c(443): warning C4244: '*=': conversion from 'float' to 'int', possible loss of data
d:\directx_repo\data\ogglib\libvorbis-1.3.5\lib\res0.c(423): warning C4244: 'initializing': conversion from 'double' to 'float', possible loss of data
  registry.c
  psy.c
d:\directx_repo\data\ogglib\libvorbis-1.3.5\lib\psy.c(137): warning C4244: 'function': conversion from 'double' to 'float', possible loss of data
d:\directx_repo\data\ogglib\libvorbis-1.3.5\lib\psy.c(139): warning C4244: 'function': conversion from 'double' to 'float', possible loss of data
d:\directx_repo\data\ogglib\libvorbis-1.3.5\lib\psy.c(173): warning C4244: '=': conversion from 'double' to 'int', possible loss of data
d:\directx_repo\data\ogglib\libvorbis-1.3.5\lib\psy.c(174): warning C4244: '=': conversion from 'double' to 'int', possible loss of data
d:\directx_repo\data\ogglib\libvorbis-1.3.5\lib\psy.c(175): warning C4244: '=': conversion from 'double' to 'int', possible loss of data
d:\directx_repo\data\ogglib\libvorbis-1.3.5\lib\psy.c(239): warning C4456: declaration of 'bin' hides previous local declaration
  d:\directx_repo\data\ogglib\libvorbis-1.3.5\lib\psy.c(160): note: see declaration of 'bin'
d:\directx_repo\data\ogglib\libvorbis-1.3.5\lib\psy.c(254): warning C4244: '=': conversion from 'int' to 'float', possible loss of data
d:\directx_repo\data\ogglib\libvorbis-1.3.5\lib\psy.c(259): warning C4244: '=': conversion from 'int' to 'float', possible loss of data
d:\directx_repo\data\ogglib\libvorbis-1.3.5\lib\psy.c(192): warning C4244: 'initializing': conversion from 'double' to 'int', possible loss of data
d:\directx_repo\data\ogglib\libvorbis-1.3.5\lib\psy.c(193): warning C4244: 'initializing': conversion from 'double' to 'int', possible loss of data
d:\directx_repo\data\ogglib\libvorbis-1.3.5\lib\psy.c(217): warning C4244: 'initializing': conversion from 'double' to 'int', possible loss of data
d:\directx_repo\data\ogglib\libvorbis-1.3.5\lib\psy.c(218): warning C4244: 'initializing': conversion from 'double' to 'int', possible loss of data
d:\directx_repo\data\ogglib\libvorbis-1.3.5\lib\psy.c(239): warning C4244: 'initializing': conversion from 'double' to 'int', possible loss of data
d:\directx_repo\data\ogglib\libvorbis-1.3.5\lib\psy.c(274): warning C4244: '=': conversion from 'double' to 'long', possible loss of data
d:\directx_repo\data\ogglib\libvorbis-1.3.5\lib\psy.c(276): warning C4244: '=': conversion from 'double' to 'long', possible loss of data
d:\directx_repo\data\ogglib\libvorbis-1.3.5\lib\psy.c(277): warning C4244: '=': conversion from 'double' to 'long', possible loss of data
d:\directx_repo\data\ogglib\libvorbis-1.3.5\lib\psy.c(290): warning C4305: '=': truncation from 'double' to 'float'
d:\directx_repo\data\ogglib\libvorbis-1.3.5\lib\psy.c(291): warning C4305: '=': truncation from 'double' to 'float'
d:\directx_repo\data\ogglib\libvorbis-1.3.5\lib\psy.c(301): warning C4244: '=': conversion from 'double' to 'float', possible loss of data
d:\directx_repo\data\ogglib\libvorbis-1.3.5\lib\psy.c(325): warning C4244: '=': conversion from 'double' to 'long', possible loss of data
d:\directx_repo\data\ogglib\libvorbis-1.3.5\lib\psy.c(327): warning C4244: 'function': conversion from 'double' to 'float', possible loss of data
d:\directx_repo\data\ogglib\libvorbis-1.3.5\lib\psy.c(348): warning C4244: '=': conversion from 'double' to 'float', possible loss of data
d:\directx_repo\data\ogglib\libvorbis-1.3.5\lib\psy.c(296): warning C4244: 'initializing': conversion from 'double' to 'int', possible loss of data
d:\directx_repo\data\ogglib\libvorbis-1.3.5\lib\psy.c(312): warning C4244: 'initializing': conversion from 'double' to 'float', possible loss of data
d:\directx_repo\data\ogglib\libvorbis-1.3.5\lib\psy.c(336): warning C4244: 'initializing': conversion from 'double' to 'float', possible loss of data
d:\directx_repo\data\ogglib\libvorbis-1.3.5\lib\psy.c(402): warning C4244: '=': conversion from 'const float' to 'int', possible loss of data
d:\directx_repo\data\ogglib\libvorbis-1.3.5\lib\psy.c(404): warning C4244: '=': conversion from 'const float' to 'int', possible loss of data
d:\directx_repo\data\ogglib\libvorbis-1.3.5\lib\psy.c(571): warning C4244: '=': conversion from 'double' to 'float', possible loss of data
d:\directx_repo\data\ogglib\libvorbis-1.3.5\lib\psy.c(739): warning C4244: 'initializing': conversion from 'double' to 'int', possible loss of data
d:\directx_repo\data\ogglib\libvorbis-1.3.5\lib\psy.c(801): warning C4305: '=': truncation from 'double' to 'float'
d:\directx_repo\data\ogglib\libvorbis-1.3.5\lib\psy.c(807): warning C4244: '=': conversion from 'double' to 'float', possible loss of data
d:\directx_repo\data\ogglib\libvorbis-1.3.5\lib\psy.c(814): warning C4305: '=': truncation from 'double' to 'float'
d:\directx_repo\data\ogglib\libvorbis-1.3.5\lib\psy.c(818): warning C4244: '=': conversion from 'double' to 'float', possible loss of data
d:\directx_repo\data\ogglib\libvorbis-1.3.5\lib\psy.c(922): warning C4244: 'initializing': conversion from 'double' to 'float', possible loss of data
d:\directx_repo\data\ogglib\libvorbis-1.3.5\lib\psy.c(953): warning C4244: '=': conversion from 'double' to 'int', possible loss of data
d:\directx_repo\data\ogglib\libvorbis-1.3.5\lib\psy.c(955): warning C4244: '=': conversion from 'double' to 'int', possible loss of data
d:\directx_repo\data\ogglib\libvorbis-1.3.5\lib\psy.c(976): warning C4244: '=': conversion from 'double' to 'int', possible loss of data
d:\directx_repo\data\ogglib\libvorbis-1.3.5\lib\psy.c(978): warning C4244: '=': conversion from 'double' to 'int', possible loss of data
d:\directx_repo\data\ogglib\libvorbis-1.3.5\lib\psy.c(992): warning C4244: '=': conversion from 'float' to 'int', possible loss of data
d:\directx_repo\data\ogglib\libvorbis-1.3.5\lib\psy.c(1050): warning C4244: '=': conversion from 'const double' to 'float', possible loss of data
d:\directx_repo\data\ogglib\libvorbis-1.3.5\lib\psy.c(1128): warning C4244: '=': conversion from 'double' to 'float', possible loss of data
d:\directx_repo\data\ogglib\libvorbis-1.3.5\lib\psy.c(1157): warning C4244: '=': conversion from 'double' to 'float', possible loss of data
d:\directx_repo\data\ogglib\libvorbis-1.3.5\lib\psy.c(1176): warning C4244: '=': conversion from 'double' to 'float', possible loss of data
d:\directx_repo\data\ogglib\libvorbis-1.3.5\lib\psy.c(1178): warning C4244: '=': conversion from 'double' to 'float', possible loss of data
d:\directx_repo\data\ogglib\libvorbis-1.3.5\lib\psy.c(1021): warning C4244: 'initializing': conversion from 'const double' to 'float', possible loss of data
d:\directx_repo\data\ogglib\libvorbis-1.3.5\lib\psy.c(1022): warning C4244: 'initializing': conversion from 'const double' to 'float', possible loss of data
  mdct.c
d:\directx_repo\data\ogglib\libvorbis-1.3.5\lib\mdct.c(58): warning C4244: '=': conversion from 'double' to 'int', possible loss of data
d:\directx_repo\data\ogglib\libvorbis-1.3.5\lib\mdct.c(66): warning C4244: '=': conversion from 'double' to 'float', possible loss of data
d:\directx_repo\data\ogglib\libvorbis-1.3.5\lib\mdct.c(67): warning C4244: '=': conversion from 'double' to 'float', possible loss of data
d:\directx_repo\data\ogglib\libvorbis-1.3.5\lib\mdct.c(68): warning C4244: '=': conversion from 'double' to 'float', possible loss of data
d:\directx_repo\data\ogglib\libvorbis-1.3.5\lib\mdct.c(69): warning C4244: '=': conversion from 'double' to 'float', possible loss of data
d:\directx_repo\data\ogglib\libvorbis-1.3.5\lib\mdct.c(72): warning C4244: '=': conversion from 'double' to 'float', possible loss of data
d:\directx_repo\data\ogglib\libvorbis-1.3.5\lib\mdct.c(73): warning C4244: '=': conversion from 'double' to 'float', possible loss of data
d:\directx_repo\data\ogglib\libvorbis-1.3.5\lib\mdct.c(79): warning C4456: declaration of 'i' hides previous local declaration
  d:\directx_repo\data\ogglib\libvorbis-1.3.5\lib\mdct.c(56): note: see declaration of 'i'
d:\directx_repo\data\ogglib\libvorbis-1.3.5\lib\mdct.c(440): warning C4456: declaration of 'iX' hides previous local declaration
  d:\directx_repo\data\ogglib\libvorbis-1.3.5\lib\mdct.c(404): note: see declaration of 'iX'
  mapping0.c
d:\directx_repo\data\ogglib\libvorbis-1.3.5\lib\mapping0.c(266): warning C4244: '=': conversion from 'double' to 'float', possible loss of data
d:\directx_repo\data\ogglib\libvorbis-1.3.5\lib\mapping0.c(312): warning C4244: '=': conversion from 'double' to 'float', possible loss of data
d:\directx_repo\data\ogglib\libvorbis-1.3.5\lib\mapping0.c(329): warning C4244: '=': conversion from 'double' to 'float', possible loss of data
d:\directx_repo\data\ogglib\libvorbis-1.3.5\lib\mapping0.c(387): warning C4244: '=': conversion from 'double' to 'float', possible loss of data
  lsp.c
d:\directx_repo\data\ogglib\libvorbis-1.3.5\lib\lsp.c(252): warning C4244: '=': conversion from 'double' to 'float', possible loss of data
d:\directx_repo\data\ogglib\libvorbis-1.3.5\lib\lsp.c(276): warning C4244: '=': conversion from 'double' to 'float', possible loss of data
d:\directx_repo\data\ogglib\libvorbis-1.3.5\lib\lsp.c(259): warning C4244: 'initializing': conversion from 'double' to 'float', possible loss of data
d:\directx_repo\data\ogglib\libvorbis-1.3.5\lib\lsp.c(350): warning C4244: '=': conversion from 'double' to 'float', possible loss of data
d:\directx_repo\data\ogglib\libvorbis-1.3.5\lib\lsp.c(397): warning C4244: '=': conversion from 'double' to 'float', possible loss of data
d:\directx_repo\data\ogglib\libvorbis-1.3.5\lib\lsp.c(449): warning C4244: '=': conversion from 'double' to 'float', possible loss of data
d:\directx_repo\data\ogglib\libvorbis-1.3.5\lib\lsp.c(452): warning C4244: '=': conversion from 'double' to 'float', possible loss of data
  lpc.c
d:\directx_repo\data\ogglib\libvorbis-1.3.5\lib\lpc.c(130): warning C4244: 'return': conversion from 'double' to 'float', possible loss of data
  lookup.c
  info.c
d:\directx_repo\data\ogglib\libvorbis-1.3.5\lib\info.c : warning C4819: The file contains a character that cannot be represented in the current code page (932). Save the file in Unicode format to prevent data loss
d:\directx_repo\data\ogglib\libvorbis-1.3.5\lib\info.c(47): warning C4244: '=': conversion from 'long' to 'char', possible loss of data
d:\directx_repo\data\ogglib\libvorbis-1.3.5\lib\info.c(62): warning C4996: 'strcpy': This function or variable may be unsafe. Consider using strcpy_s instead. To disable deprecation, use _CRT_SECURE_NO_WARNINGS. See online help for details.
  c:\program files (x86)\windows kits\10\include\10.0.10240.0\ucrt\string.h(119): note: see declaration of 'strcpy'
d:\directx_repo\data\ogglib\libvorbis-1.3.5\lib\info.c(69): warning C4996: 'strcpy': This function or variable may be unsafe. Consider using strcpy_s instead. To disable deprecation, use _CRT_SECURE_NO_WARNINGS. See online help for details.
  c:\program files (x86)\windows kits\10\include\10.0.10240.0\ucrt\string.h(119): note: see declaration of 'strcpy'
d:\directx_repo\data\ogglib\libvorbis-1.3.5\lib\info.c(70): warning C4996: 'strcat': This function or variable may be unsafe. Consider using strcat_s instead. To disable deprecation, use _CRT_SECURE_NO_WARNINGS. See online help for details.
  c:\program files (x86)\windows kits\10\include\10.0.10240.0\ucrt\string.h(90): note: see declaration of 'strcat'
d:\directx_repo\data\ogglib\libvorbis-1.3.5\lib\info.c(71): warning C4996: 'strcat': This function or variable may be unsafe. Consider using strcat_s instead. To disable deprecation, use _CRT_SECURE_NO_WARNINGS. See online help for details.
  c:\program files (x86)\windows kits\10\include\10.0.10240.0\ucrt\string.h(90): note: see declaration of 'strcat'
d:\directx_repo\data\ogglib\libvorbis-1.3.5\lib\info.c(93): warning C4996: 'strcpy': This function or variable may be unsafe. Consider using strcpy_s instead. To disable deprecation, use _CRT_SECURE_NO_WARNINGS. See online help for details.
  c:\program files (x86)\windows kits\10\include\10.0.10240.0\ucrt\string.h(119): note: see declaration of 'strcpy'
d:\directx_repo\data\ogglib\libvorbis-1.3.5\lib\info.c(94): warning C4996: 'strcat': This function or variable may be unsafe. Consider using strcat_s instead. To disable deprecation, use _CRT_SECURE_NO_WARNINGS. See online help for details.
  c:\program files (x86)\windows kits\10\include\10.0.10240.0\ucrt\string.h(90): note: see declaration of 'strcat'
d:\directx_repo\data\ogglib\libvorbis-1.3.5\lib\info.c(112): warning C4996: 'strcpy': This function or variable may be unsafe. Consider using strcpy_s instead. To disable deprecation, use _CRT_SECURE_NO_WARNINGS. See online help for details.
  c:\program files (x86)\windows kits\10\include\10.0.10240.0\ucrt\string.h(119): note: see declaration of 'strcpy'
d:\directx_repo\data\ogglib\libvorbis-1.3.5\lib\info.c(113): warning C4996: 'strcat': This function or variable may be unsafe. Consider using strcat_s instead. To disable deprecation, use _CRT_SECURE_NO_WARNINGS. See online help for details.
  c:\program files (x86)\windows kits\10\include\10.0.10240.0\ucrt\string.h(90): note: see declaration of 'strcat'
  floor1.c
d:\directx_repo\data\ogglib\libvorbis-1.3.5\lib\floor1.c(275): warning C4244: 'initializing': conversion from 'const float' to 'int', possible loss of data
d:\directx_repo\data\ogglib\libvorbis-1.3.5\lib\floor1.c(497): warning C4457: declaration of 'a' hides function parameter
  d:\directx_repo\data\ogglib\libvorbis-1.3.5\lib\floor1.c(457): note: see declaration of 'a'
d:\directx_repo\data\ogglib\libvorbis-1.3.5\lib\floor1.c(499): warning C4244: '=': conversion from 'double' to 'int', possible loss of data
d:\directx_repo\data\ogglib\libvorbis-1.3.5\lib\floor1.c(500): warning C4244: '=': conversion from 'double' to 'int', possible loss of data
d:\directx_repo\data\ogglib\libvorbis-1.3.5\lib\floor1.c(714): warning C4456: declaration of 'y0' hides previous local declaration
  d:\directx_repo\data\ogglib\libvorbis-1.3.5\lib\floor1.c(613): note: see declaration of 'y0'
d:\directx_repo\data\ogglib\libvorbis-1.3.5\lib\floor1.c(715): warning C4456: declaration of 'y1' hides previous local declaration
  d:\directx_repo\data\ogglib\libvorbis-1.3.5\lib\floor1.c(614): note: see declaration of 'y1'
  floor0.c
d:\directx_repo\data\ogglib\libvorbis-1.3.5\lib\floor0.c(126): warning C4244: 'initializing': conversion from 'double' to 'float', possible loss of data
d:\directx_repo\data\ogglib\libvorbis-1.3.5\lib\floor0.c(136): warning C4244: 'initializing': conversion from 'double' to 'int', possible loss of data
  envelope.c
d:\directx_repo\data\ogglib\libvorbis-1.3.5\lib\envelope.c(48): warning C4244: '=': conversion from 'double' to 'float', possible loss of data
d:\directx_repo\data\ogglib\libvorbis-1.3.5\lib\envelope.c(65): warning C4244: '=': conversion from 'double' to 'float', possible loss of data
d:\directx_repo\data\ogglib\libvorbis-1.3.5\lib\envelope.c(68): warning C4244: '=': conversion from 'double' to 'float', possible loss of data
d:\directx_repo\data\ogglib\libvorbis-1.3.5\lib\envelope.c(145): warning C4244: '=': conversion from 'double' to 'float', possible loss of data
d:\directx_repo\data\ogglib\libvorbis-1.3.5\lib\envelope.c(127): warning C4244: 'initializing': conversion from 'double' to 'float', possible loss of data
  codebook.c
d:\directx_repo\data\ogglib\libvorbis-1.3.5\lib\codebook.c(183): warning C4244: '=': conversion from 'long' to 'char', possible loss of data
d:\directx_repo\data\ogglib\libvorbis-1.3.5\lib\codebook.c(192): warning C4244: '=': conversion from 'long' to 'char', possible loss of data
d:\directx_repo\data\ogglib\libvorbis-1.3.5\lib\codebook.c(214): warning C4244: '=': conversion from 'long' to 'char', possible loss of data
  block.c
d:\directx_repo\data\ogglib\libvorbis-1.3.5\lib\block.c(256): warning C4456: declaration of 'i' hides previous local declaration
  d:\directx_repo\data\ogglib\libvorbis-1.3.5\lib\block.c(172): note: see declaration of 'i'
d:\directx_repo\data\ogglib\libvorbis-1.3.5\lib\block.c(864): warning C4244: 'initializing': conversion from 'ogg_int64_t' to 'long', possible loss of data
d:\directx_repo\data\ogglib\libvorbis-1.3.5\lib\block.c(902): warning C4244: 'initializing': conversion from 'ogg_int64_t' to 'long', possible loss of data
d:\directx_repo\data\ogglib\libvorbis-1.3.5\lib\block.c(1029): warning C4456: declaration of 'i' hides previous local declaration
  d:\directx_repo\data\ogglib\libvorbis-1.3.5\lib\block.c(972): note: see declaration of 'i'
  bitrate.c
d:\directx_repo\data\ogglib\libvorbis-1.3.5\lib\bitrate.c(42): warning C4244: '=': conversion from 'double' to 'long', possible loss of data
d:\directx_repo\data\ogglib\libvorbis-1.3.5\lib\bitrate.c(43): warning C4244: '=': conversion from 'double' to 'long', possible loss of data
d:\directx_repo\data\ogglib\libvorbis-1.3.5\lib\bitrate.c(44): warning C4244: '=': conversion from 'double' to 'long', possible loss of data
d:\directx_repo\data\ogglib\libvorbis-1.3.5\lib\bitrate.c(51): warning C4244: 'initializing': conversion from 'double' to 'long', possible loss of data
d:\directx_repo\data\ogglib\libvorbis-1.3.5\lib\bitrate.c(135): warning C4244: '=': conversion from 'double' to 'int', possible loss of data
d:\directx_repo\data\ogglib\libvorbis-1.3.5\lib\bitrate.c(83): warning C4244: 'initializing': conversion from 'double' to 'int', possible loss of data
d:\directx_repo\data\ogglib\libvorbis-1.3.5\lib\bitrate.c(88): warning C4244: 'initializing': conversion from 'double' to 'long', possible loss of data
  Generating Code...
  Compiling...
  analysis.c
  Generating Code...
d:\directx_repo\data\ogglib\libvorbis-1.3.5\lib\analysis.c(47): warning C4706: assignment within conditional expression
  libvorbis_static.vcxproj -> D:\DirectX_Repo\data\OggLib\libvorbis-1.3.5\win32\VS2010\Win32\Debug\libvorbis_static.lib
