  window.c
d:\directx_repo\data\ogglib\libvorbis-1.3.5\lib\os.h(25): fatal error C1083: Cannot open include file: 'ogg/os_types.h': No such file or directory
  vorbisenc.c
D:\DirectX_Repo\data\OggLib\libvorbis-1.3.5\include\vorbis/codec.h(26): fatal error C1083: Cannot open include file: 'ogg/ogg.h': No such file or directory
  synthesis.c
..\..\..\lib\synthesis.c(19): fatal error C1083: Cannot open include file: 'ogg/ogg.h': No such file or directory
  smallft.c
D:\DirectX_Repo\data\OggLib\libvorbis-1.3.5\include\vorbis/codec.h(26): fatal error C1083: Cannot open include file: 'ogg/ogg.h': No such file or directory
  sharedbook.c
..\..\..\lib\sharedbook.c(21): fatal error C1083: Cannot open include file: 'ogg/ogg.h': No such file or directory
  res0.c
..\..\..\lib\res0.c(26): fatal error C1083: Cannot open include file: 'ogg/ogg.h': No such file or directory
  registry.c
D:\DirectX_Repo\data\OggLib\libvorbis-1.3.5\include\vorbis/codec.h(26): fatal error C1083: Cannot open include file: 'ogg/ogg.h': No such file or directory
  psy.c
D:\DirectX_Repo\data\OggLib\libvorbis-1.3.5\include\vorbis/codec.h(26): fatal error C1083: Cannot open include file: 'ogg/ogg.h': No such file or directory
  mdct.c
D:\DirectX_Repo\data\OggLib\libvorbis-1.3.5\include\vorbis/codec.h(26): fatal error C1083: Cannot open include file: 'ogg/ogg.h': No such file or directory
  mapping0.c
..\..\..\lib\mapping0.c(22): fatal error C1083: Cannot open include file: 'ogg/ogg.h': No such file or directory
  lsp.c
d:\directx_repo\data\ogglib\libvorbis-1.3.5\lib\os.h(25): fatal error C1083: Cannot open include file: 'ogg/os_types.h': No such file or directory
  lpc.c
d:\directx_repo\data\ogglib\libvorbis-1.3.5\lib\os.h(25): fatal error C1083: Cannot open include file: 'ogg/os_types.h': No such file or directory
  lookup.c
d:\directx_repo\data\ogglib\libvorbis-1.3.5\lib\os.h(25): fatal error C1083: Cannot open include file: 'ogg/os_types.h': No such file or directory
  info.c
..\..\..\lib\info.c : warning C4819: The file contains a character that cannot be represented in the current code page (932). Save the file in Unicode format to prevent data loss
..\..\..\lib\info.c(24): fatal error C1083: Cannot open include file: 'ogg/ogg.h': No such file or directory
  floor1.c
..\..\..\lib\floor1.c(21): fatal error C1083: Cannot open include file: 'ogg/ogg.h': No such file or directory
  floor0.c
..\..\..\lib\floor0.c(21): fatal error C1083: Cannot open include file: 'ogg/ogg.h': No such file or directory
  envelope.c
..\..\..\lib\envelope.c(22): fatal error C1083: Cannot open include file: 'ogg/ogg.h': No such file or directory
  codebook.c
..\..\..\lib\codebook.c(21): fatal error C1083: Cannot open include file: 'ogg/ogg.h': No such file or directory
  block.c
..\..\..\lib\block.c(24): fatal error C1083: Cannot open include file: 'ogg/ogg.h': No such file or directory
  bitrate.c
..\..\..\lib\bitrate.c(21): fatal error C1083: Cannot open include file: 'ogg/ogg.h': No such file or directory
  Generating Code...
  Compiling...
  analysis.c
..\..\..\lib\analysis.c(21): fatal error C1083: Cannot open include file: 'ogg/ogg.h': No such file or directory
  Generating Code...
